<?xml version="1.0" encoding="UTF-8"?>
<coverage generated="1759851742801" clover="3.2.0">
  <project timestamp="1759851742801" name="All files">
    <metrics statements="6" coveredstatements="6" conditionals="5" coveredconditionals="4" methods="4" coveredmethods="4" elements="15" coveredelements="14" complexity="0" loc="6" ncloc="6" packages="2" files="2" classes="2"/>
    <package name="api">
      <metrics statements="5" coveredstatements="5" conditionals="2" coveredconditionals="2" methods="3" coveredmethods="3"/>
      <file name="characters-api.js" path="C:\DEV\marvel-app\src\api\characters-api.js">
        <metrics statements="5" coveredstatements="5" conditionals="2" coveredconditionals="2" methods="3" coveredmethods="3"/>
        <line num="6" count="1" type="stmt"/>
        <line num="12" count="3" type="stmt"/>
        <line num="13" count="2" type="cond" truecount="2" falsecount="0"/>
        <line num="14" count="1" type="stmt"/>
        <line num="16" count="1" type="stmt"/>
      </file>
    </package>
    <package name="components">
      <metrics statements="1" coveredstatements="1" conditionals="3" coveredconditionals="2" methods="1" coveredmethods="1"/>
      <file name="NumberOfCharacters.jsx" path="C:\DEV\marvel-app\src\components\NumberOfCharacters.jsx">
        <metrics statements="1" coveredstatements="1" conditionals="3" coveredconditionals="2" methods="1" coveredmethods="1"/>
        <line num="2" count="2" type="stmt"/>
      </file>
    </package>
  </project>
</coverage>
