{"C:\\DEV\\marvel-app\\src\\App.jsx": {"path":"C:\\DEV\\marvel-app\\src\\App.jsx","statementMap":{"0":{"start":{"line":5,"column":15},"end":{"line":5,"column":42}},"1":{"start":{"line":7,"column":2},"end":{"line":11,"column":4}}},"fnMap":{"0":{"name":"App","decl":{"start":{"line":6,"column":9},"end":{"line":6,"column":12}},"loc":{"start":{"line":6,"column":15},"end":{"line":12,"column":1}},"line":6}},"branchMap":{},"s":{"0":0,"1":0},"f":{"0":0},"b":{}}
,"C:\\DEV\\marvel-app\\src\\Layout.jsx": {"path":"C:\\DEV\\marvel-app\\src\\Layout.jsx","statementMap":{"0":{"start":{"line":3,"column":15},"end":{"line":22,"column":1}},"1":{"start":{"line":4,"column":0},"end":{"line":21,"column":2}}},"fnMap":{"0":{"name":"(anonymous_0)","decl":{"start":{"line":3,"column":15},"end":{"line":3,"column":16}},"loc":{"start":{"line":3,"column":21},"end":{"line":22,"column":1}},"line":3}},"branchMap":{},"s":{"0":0,"1":0},"f":{"0":0},"b":{}}
,"C:\\DEV\\marvel-app\\src\\main.jsx": {"path":"C:\\DEV\\marvel-app\\src\\main.jsx","statementMap":{"0":{"start":{"line":6,"column":0},"end":{"line":10,"column":1}}},"fnMap":{},"branchMap":{},"s":{"0":0},"f":{},"b":{}}
,"C:\\DEV\\marvel-app\\src\\routes.js": {"path":"C:\\DEV\\marvel-app\\src\\routes.js","statementMap":{"0":{"start":{"line":11,"column":15},"end":{"line":50,"column":1}},"1":{"start":{"line":21,"column":12},"end":{"line":21,"column":57}},"2":{"start":{"line":29,"column":12},"end":{"line":29,"column":68}}},"fnMap":{"0":{"name":"(anonymous_0)","decl":{"start":{"line":19,"column":16},"end":{"line":19,"column":17}},"loc":{"start":{"line":19,"column":28},"end":{"line":22,"column":9}},"line":19},"1":{"name":"(anonymous_1)","decl":{"start":{"line":28,"column":16},"end":{"line":28,"column":17}},"loc":{"start":{"line":28,"column":38},"end":{"line":30,"column":9}},"line":28}},"branchMap":{},"s":{"0":0,"1":0,"2":0},"f":{"0":0,"1":0},"b":{}}
,"C:\\DEV\\marvel-app\\src\\api\\characters-api.js": {"path":"C:\\DEV\\marvel-app\\src\\api\\characters-api.js","statementMap":{"0":{"start":{"line":6,"column":4},"end":{"line":6,"column":22}},"1":{"start":{"line":12,"column":22},"end":{"line":12,"column":71}},"2":{"start":{"line":12,"column":51},"end":{"line":12,"column":70}},"3":{"start":{"line":13,"column":4},"end":{"line":15,"column":5}},"4":{"start":{"line":14,"column":8},"end":{"line":14,"column":61}},"5":{"start":{"line":16,"column":4},"end":{"line":16,"column":21}}},"fnMap":{"0":{"name":"getCharacters","decl":{"start":{"line":4,"column":16},"end":{"line":4,"column":29}},"loc":{"start":{"line":4,"column":32},"end":{"line":7,"column":1}},"line":4},"1":{"name":"getCharacterById","decl":{"start":{"line":10,"column":16},"end":{"line":10,"column":32}},"loc":{"start":{"line":10,"column":37},"end":{"line":17,"column":1}},"line":10},"2":{"name":"(anonymous_2)","decl":{"start":{"line":12,"column":38},"end":{"line":12,"column":39}},"loc":{"start":{"line":12,"column":51},"end":{"line":12,"column":70}},"line":12}},"branchMap":{"0":{"loc":{"start":{"line":13,"column":4},"end":{"line":15,"column":5}},"type":"if","locations":[{"start":{"line":13,"column":4},"end":{"line":15,"column":5}},{"start":{},"end":{}}],"line":13}},"s":{"0":0,"1":0,"2":0,"3":0,"4":0,"5":0},"f":{"0":0,"1":0,"2":0},"b":{"0":[0,0]}}
,"C:\\DEV\\marvel-app\\src\\components\\CharacterDetail.jsx": {"path":"C:\\DEV\\marvel-app\\src\\components\\CharacterDetail.jsx","statementMap":{"0":{"start":{"line":4,"column":55},"end":{"line":4,"column":64}},"1":{"start":{"line":6,"column":8},"end":{"line":8,"column":18}},"2":{"start":{"line":10,"column":4},"end":{"line":22,"column":6}}},"fnMap":{"0":{"name":"CharacterDetail","decl":{"start":{"line":3,"column":24},"end":{"line":3,"column":39}},"loc":{"start":{"line":3,"column":55},"end":{"line":23,"column":1}},"line":3}},"branchMap":{"0":{"loc":{"start":{"line":6,"column":8},"end":{"line":8,"column":18}},"type":"cond-expr","locations":[{"start":{"line":7,"column":14},"end":{"line":7,"column":56}},{"start":{"line":8,"column":14},"end":{"line":8,"column":18}}],"line":6},"1":{"loc":{"start":{"line":6,"column":8},"end":{"line":6,"column":58}},"type":"binary-expr","locations":[{"start":{"line":6,"column":8},"end":{"line":6,"column":17}},{"start":{"line":6,"column":21},"end":{"line":6,"column":35}},{"start":{"line":6,"column":39},"end":{"line":6,"column":58}}],"line":6},"2":{"loc":{"start":{"line":13,"column":13},"end":{"line":18,"column":13}},"type":"binary-expr","locations":[{"start":{"line":13,"column":13},"end":{"line":13,"column":21}},{"start":{"line":14,"column":16},"end":{"line":17,"column":18}}],"line":13},"3":{"loc":{"start":{"line":19,"column":47},"end":{"line":19,"column":83}},"type":"binary-expr","locations":[{"start":{"line":19,"column":47},"end":{"line":19,"column":58}},{"start":{"line":19,"column":62},"end":{"line":19,"column":83}}],"line":19}},"s":{"0":0,"1":0,"2":0},"f":{"0":0},"b":{"0":[0,0],"1":[0,0,0],"2":[0,0],"3":[0,0]}}
,"C:\\DEV\\marvel-app\\src\\components\\CharactersList.jsx": {"path":"C:\\DEV\\marvel-app\\src\\components\\CharactersList.jsx","statementMap":{"0":{"start":{"line":4,"column":2},"end":{"line":12,"column":4}},"1":{"start":{"line":7,"column":8},"end":{"line":9,"column":13}}},"fnMap":{"0":{"name":"CharactersList","decl":{"start":{"line":3,"column":9},"end":{"line":3,"column":23}},"loc":{"start":{"line":3,"column":45},"end":{"line":13,"column":1}},"line":3},"1":{"name":"(anonymous_1)","decl":{"start":{"line":6,"column":22},"end":{"line":6,"column":23}},"loc":{"start":{"line":7,"column":8},"end":{"line":9,"column":13}},"line":7}},"branchMap":{"0":{"loc":{"start":{"line":3,"column":26},"end":{"line":3,"column":41}},"type":"default-arg","locations":[{"start":{"line":3,"column":39},"end":{"line":3,"column":41}}],"line":3}},"s":{"0":1,"1":2},"f":{"0":1,"1":2},"b":{"0":[0]},"_coverageSchema":"1a1c01bbd47fc00a2c39e90264f33305004495a9","hash":"2fc4b655f3e47ce0212e73adad74b3094a53645d"}
,"C:\\DEV\\marvel-app\\src\\components\\NumberOfCharacters.jsx": {"path":"C:\\DEV\\marvel-app\\src\\components\\NumberOfCharacters.jsx","statementMap":{"0":{"start":{"line":8,"column":4},"end":{"line":10,"column":5}},"1":{"start":{"line":9,"column":6},"end":{"line":9,"column":42}},"2":{"start":{"line":13,"column":4},"end":{"line":15,"column":5}},"3":{"start":{"line":14,"column":6},"end":{"line":14,"column":41}},"4":{"start":{"line":18,"column":4},"end":{"line":18,"column":59}}},"fnMap":{"0":{"name":"NumberOfCharacters","decl":{"start":{"line":6,"column":24},"end":{"line":6,"column":42}},"loc":{"start":{"line":6,"column":64},"end":{"line":19,"column":1}},"line":6}},"branchMap":{"0":{"loc":{"start":{"line":6,"column":45},"end":{"line":6,"column":60}},"type":"default-arg","locations":[{"start":{"line":6,"column":58},"end":{"line":6,"column":60}}],"line":6},"1":{"loc":{"start":{"line":8,"column":4},"end":{"line":10,"column":5}},"type":"if","locations":[{"start":{"line":8,"column":4},"end":{"line":10,"column":5}},{"start":{},"end":{}}],"line":8},"2":{"loc":{"start":{"line":13,"column":4},"end":{"line":15,"column":5}},"type":"if","locations":[{"start":{"line":13,"column":4},"end":{"line":15,"column":5}},{"start":{},"end":{}}],"line":13}},"s":{"0":1,"1":0,"2":1,"3":0,"4":1},"f":{"0":1},"b":{"0":[0],"1":[0,1],"2":[0,1]},"_coverageSchema":"1a1c01bbd47fc00a2c39e90264f33305004495a9","hash":"f0dbe55f888b033ad1d7dec696ac4ca801efbf8c"}
,"C:\\DEV\\marvel-app\\src\\pages\\AboutPage.jsx": {"path":"C:\\DEV\\marvel-app\\src\\pages\\AboutPage.jsx","statementMap":{"0":{"start":{"line":2,"column":2},"end":{"line":2,"column":43}},"1":{"start":{"line":3,"column":2},"end":{"line":9,"column":4}}},"fnMap":{"0":{"name":"AboutPage","decl":{"start":{"line":1,"column":9},"end":{"line":1,"column":18}},"loc":{"start":{"line":1,"column":21},"end":{"line":10,"column":1}},"line":1}},"branchMap":{},"s":{"0":0,"1":0},"f":{"0":0},"b":{}}
,"C:\\DEV\\marvel-app\\src\\pages\\CharacterDetailPage.jsx": {"path":"C:\\DEV\\marvel-app\\src\\pages\\CharacterDetailPage.jsx","statementMap":{"0":{"start":{"line":6,"column":26},"end":{"line":6,"column":41}},"1":{"start":{"line":8,"column":4},"end":{"line":13,"column":6}}},"fnMap":{"0":{"name":"CharacterDetailPage","decl":{"start":{"line":5,"column":24},"end":{"line":5,"column":43}},"loc":{"start":{"line":5,"column":46},"end":{"line":14,"column":1}},"line":5}},"branchMap":{},"s":{"0":0,"1":0},"f":{"0":0},"b":{}}
,"C:\\DEV\\marvel-app\\src\\pages\\CharactersPage.jsx": {"path":"C:\\DEV\\marvel-app\\src\\pages\\CharactersPage.jsx","statementMap":{"0":{"start":{"line":5,"column":23},"end":{"line":17,"column":1}},"1":{"start":{"line":6,"column":4},"end":{"line":6,"column":47}},"2":{"start":{"line":7,"column":27},"end":{"line":7,"column":42}},"3":{"start":{"line":9,"column":4},"end":{"line":16,"column":6}}},"fnMap":{"0":{"name":"(anonymous_0)","decl":{"start":{"line":5,"column":23},"end":{"line":5,"column":24}},"loc":{"start":{"line":5,"column":29},"end":{"line":17,"column":1}},"line":5}},"branchMap":{},"s":{"0":1,"1":1,"2":1,"3":1},"f":{"0":1},"b":{},"_coverageSchema":"1a1c01bbd47fc00a2c39e90264f33305004495a9","hash":"7463150b9e2d53f20316796ee47674fc909cbc4d"}
,"C:\\DEV\\marvel-app\\src\\pages\\ContactPage.jsx": {"path":"C:\\DEV\\marvel-app\\src\\pages\\ContactPage.jsx","statementMap":{"0":{"start":{"line":2,"column":2},"end":{"line":2,"column":42}},"1":{"start":{"line":3,"column":2},"end":{"line":11,"column":4}}},"fnMap":{"0":{"name":"AboutPage","decl":{"start":{"line":1,"column":9},"end":{"line":1,"column":18}},"loc":{"start":{"line":1,"column":21},"end":{"line":12,"column":1}},"line":1}},"branchMap":{},"s":{"0":0,"1":0},"f":{"0":0},"b":{}}
,"C:\\DEV\\marvel-app\\src\\pages\\NotFoundPage.jsx": {"path":"C:\\DEV\\marvel-app\\src\\pages\\NotFoundPage.jsx","statementMap":{"0":{"start":{"line":1,"column":21},"end":{"line":10,"column":1}},"1":{"start":{"line":3,"column":0},"end":{"line":3,"column":40}},"2":{"start":{"line":4,"column":4},"end":{"line":9,"column":6}}},"fnMap":{"0":{"name":"(anonymous_0)","decl":{"start":{"line":1,"column":21},"end":{"line":1,"column":22}},"loc":{"start":{"line":1,"column":27},"end":{"line":10,"column":1}},"line":1}},"branchMap":{},"s":{"0":0,"1":0,"2":0},"f":{"0":0},"b":{}}
}
