TN:
SF:src\App.jsx
FN:6,App
FNF:1
FNH:0
FNDA:0,App
DA:5,0
DA:7,0
LF:2
LH:0
BRF:0
BRH:0
end_of_record
TN:
SF:src\Layout.jsx
FN:3,(anonymous_0)
FNF:1
FNH:0
FNDA:0,(anonymous_0)
DA:3,0
DA:4,0
LF:2
LH:0
BRF:0
BRH:0
end_of_record
TN:
SF:src\main.jsx
FNF:0
FNH:0
DA:6,0
LF:1
LH:0
BRF:0
BRH:0
end_of_record
TN:
SF:src\routes.js
FN:19,(anonymous_0)
FN:28,(anonymous_1)
FNF:2
FNH:0
FNDA:0,(anonymous_0)
FNDA:0,(anonymous_1)
DA:11,0
DA:21,0
DA:29,0
LF:3
LH:0
BRF:0
BRH:0
end_of_record
TN:
SF:src\api\characters-api.js
FN:4,getCharacters
FN:10,getCharacterById
FN:12,(anonymous_2)
FNF:3
FNH:0
FNDA:0,getCharacters
FNDA:0,getCharacterById
FNDA:0,(anonymous_2)
DA:6,0
DA:12,0
DA:13,0
DA:14,0
DA:16,0
LF:5
LH:0
BRDA:13,0,0,0
BRDA:13,0,1,0
BRF:2
BRH:0
end_of_record
TN:
SF:src\components\CharacterDetail.jsx
FN:3,CharacterDetail
FNF:1
FNH:0
FNDA:0,CharacterDetail
DA:4,0
DA:6,0
DA:10,0
LF:3
LH:0
BRDA:6,0,0,0
BRDA:6,0,1,0
BRDA:6,1,0,0
BRDA:6,1,1,0
BRDA:6,1,2,0
BRDA:13,2,0,0
BRDA:13,2,1,0
BRDA:19,3,0,0
BRDA:19,3,1,0
BRF:9
BRH:0
end_of_record
TN:
SF:src\components\CharactersList.jsx
FN:3,CharactersList
FN:6,(anonymous_1)
FNF:2
FNH:2
FNDA:1,CharactersList
FNDA:2,(anonymous_1)
DA:4,1
DA:7,2
LF:2
LH:2
BRDA:3,0,0,0
BRF:1
BRH:0
end_of_record
TN:
SF:src\components\NumberOfCharacters.jsx
FN:6,NumberOfCharacters
FNF:1
FNH:1
FNDA:1,NumberOfCharacters
DA:8,1
DA:9,0
DA:13,1
DA:14,0
DA:18,1
LF:5
LH:3
BRDA:6,0,0,0
BRDA:8,1,0,0
BRDA:8,1,1,1
BRDA:13,2,0,0
BRDA:13,2,1,1
BRF:5
BRH:2
end_of_record
TN:
SF:src\pages\AboutPage.jsx
FN:1,AboutPage
FNF:1
FNH:0
FNDA:0,AboutPage
DA:2,0
DA:3,0
LF:2
LH:0
BRF:0
BRH:0
end_of_record
TN:
SF:src\pages\CharacterDetailPage.jsx
FN:5,CharacterDetailPage
FNF:1
FNH:0
FNDA:0,CharacterDetailPage
DA:6,0
DA:8,0
LF:2
LH:0
BRF:0
BRH:0
end_of_record
TN:
SF:src\pages\CharactersPage.jsx
FN:5,(anonymous_0)
FNF:1
FNH:1
FNDA:1,(anonymous_0)
DA:5,1
DA:6,1
DA:7,1
DA:9,1
LF:4
LH:4
BRF:0
BRH:0
end_of_record
TN:
SF:src\pages\ContactPage.jsx
FN:1,AboutPage
FNF:1
FNH:0
FNDA:0,AboutPage
DA:2,0
DA:3,0
LF:2
LH:0
BRF:0
BRH:0
end_of_record
TN:
SF:src\pages\NotFoundPage.jsx
FN:1,(anonymous_0)
FNF:1
FNH:0
FNDA:0,(anonymous_0)
DA:1,0
DA:3,0
DA:4,0
LF:3
LH:0
BRF:0
BRH:0
end_of_record
