TN:
SF:src\Layout.jsx
FN:4,(anonymous_0)
FNF:1
FNH:0
FNDA:0,(anonymous_0)
DA:4,0
DA:5,0
LF:2
LH:0
BRF:0
BRH:0
end_of_record
TN:
SF:src\api\characters-api.js
FN:4,getCharacters
FN:10,(anonymous_1)
FN:16,(anonymous_2)
FN:33,getCharacterById
FN:35,(anonymous_4)
FNF:5
FNH:4
FNDA:1,getCharacters
FNDA:1,(anonymous_1)
FNDA:0,(anonymous_2)
FNDA:2,getCharacterById
FNDA:3,(anonymous_4)
DA:6,1
DA:8,1
DA:10,1
DA:11,1
DA:12,1
DA:13,1
DA:16,1
DA:17,0
DA:18,0
DA:19,0
DA:22,1
DA:23,0
DA:26,1
DA:29,1
DA:34,2
DA:35,3
DA:36,2
DA:37,1
DA:39,1
LF:19
LH:15
BRDA:4,0,0,1
BRDA:4,1,0,1
BRDA:8,2,0,0
BRDA:8,2,1,1
BRDA:11,3,0,1
BRDA:11,3,1,0
BRDA:12,4,0,1
BRDA:12,4,1,0
BRDA:17,5,0,0
BRDA:17,5,1,0
BRDA:18,6,0,0
BRDA:18,6,1,0
BRDA:22,7,0,0
BRDA:22,7,1,1
BRDA:36,8,0,1
BRDA:36,8,1,1
BRF:16
BRH:8
end_of_record
TN:
SF:src\components\CharacterDetail.jsx
FN:3,CharacterDetail
FNF:1
FNH:0
FNDA:0,CharacterDetail
DA:4,0
DA:6,0
DA:10,0
LF:3
LH:0
BRDA:6,0,0,0
BRDA:6,0,1,0
BRDA:6,1,0,0
BRDA:6,1,1,0
BRDA:6,1,2,0
BRDA:13,2,0,0
BRDA:13,2,1,0
BRDA:19,3,0,0
BRDA:19,3,1,0
BRF:9
BRH:0
end_of_record
TN:
SF:src\components\CharactersList.jsx
FN:3,CharactersList
FN:6,(anonymous_1)
FNF:2
FNH:2
FNDA:1,CharactersList
FNDA:2,(anonymous_1)
DA:4,1
DA:7,2
LF:2
LH:2
BRDA:3,0,0,0
BRF:1
BRH:0
end_of_record
TN:
SF:src\components\NumberOfCharacters.jsx
FN:6,NumberOfCharacters
FNF:1
FNH:1
FNDA:5,NumberOfCharacters
DA:8,5
DA:9,2
DA:13,3
DA:14,1
DA:18,2
LF:5
LH:5
BRDA:6,0,0,1
BRDA:8,1,0,2
BRDA:8,1,1,3
BRDA:13,2,0,1
BRDA:13,2,1,2
BRF:5
BRH:5
end_of_record
TN:
SF:src\pages\AboutPage.jsx
FN:1,AboutPage
FNF:1
FNH:0
FNDA:0,AboutPage
DA:2,0
DA:3,0
LF:2
LH:0
BRF:0
BRH:0
end_of_record
TN:
SF:src\pages\CharacterDetailPage.jsx
FN:5,CharacterDetailPage
FNF:1
FNH:0
FNDA:0,CharacterDetailPage
DA:6,0
DA:8,0
LF:2
LH:0
BRF:0
BRH:0
end_of_record
TN:
SF:src\pages\CharactersPage.jsx
FN:6,(anonymous_0)
FN:15,(anonymous_1)
FN:20,(anonymous_2)
FN:25,(anonymous_3)
FN:31,(anonymous_4)
FNF:5
FNH:2
FNDA:1,(anonymous_0)
FNDA:1,(anonymous_1)
FNDA:0,(anonymous_2)
FNDA:0,(anonymous_3)
FNDA:0,(anonymous_4)
DA:6,1
DA:7,1
DA:8,1
DA:9,1
DA:11,1
DA:12,1
DA:15,1
DA:16,1
DA:17,1
DA:20,1
DA:21,0
DA:22,0
DA:25,1
DA:26,0
DA:27,0
DA:28,0
DA:31,1
DA:32,0
DA:33,0
DA:34,0
DA:37,1
LF:21
LH:13
BRDA:8,0,0,1
BRDA:8,1,0,1
BRF:2
BRH:2
end_of_record
TN:
SF:src\pages\ContactPage.jsx
FN:1,AboutPage
FNF:1
FNH:0
FNDA:0,AboutPage
DA:2,0
DA:3,0
LF:2
LH:0
BRF:0
BRH:0
end_of_record
TN:
SF:src\pages\NotFoundPage.jsx
FN:1,(anonymous_0)
FNF:1
FNH:0
FNDA:0,(anonymous_0)
DA:1,0
DA:3,0
DA:4,0
LF:3
LH:0
BRF:0
BRH:0
end_of_record
